{
  "stats": {
    "suites": 2,
    "tests": 4,
    "passes": 4,
    "pending": 0,
    "failures": 0,
    "start": "2025-11-05T22:24:49.365Z",
    "end": "2025-11-05T22:24:49.453Z",
    "duration": 88,
    "testsRegistered": 4,
    "passPercent": 100,
    "pendingPercent": 0,
    "other": 0,
    "hasOther": false,
    "skipped": 0,
    "hasSkipped": false
  },
  "results": [
    {
      "uuid": "48c0f1b5-52e9-48d3-8385-908870be978a",
      "title": "",
      "fullFile": "",
      "file": "",
      "beforeHooks": [],
      "afterHooks": [],
      "tests": [],
      "suites": [
        {
          "uuid": "3835b112-494f-454f-8edc-a6f4e8a43e34",
          "title": "Auth API Tests",
          "fullFile": "C:\\Users\\Jacy\\OneDrive\\Área de Trabalho\\M2.2 turma 2\\ppp-turma02-hair\\test\\auth.test.js",
          "file": "\\test\\auth.test.js",
          "beforeHooks": [],
          "afterHooks": [],
          "tests": [
            {
              "title": "POST /users/register → deve registrar um usuário",
              "fullTitle": "Auth API Tests POST /users/register → deve registrar um usuário",
              "timedOut": false,
              "duration": 48,
              "state": "passed",
              "speed": "medium",
              "pass": true,
              "fail": false,
              "pending": false,
              "context": null,
              "code": "const res = await request\n  .post(\"/users/register\")\n  .set(\"Content-Type\", \"application/json\")\n  .send(user);\n// Debug: mostrar corpo e status da resposta\nconsole.log(\"REGISTER RESPONSE STATUS:\", res.status);\nconsole.log(\"REGISTER RESPONSE BODY:\", res.body);\nexpect(res.status).to.be.oneOf([200, 201]);\nexpect(res.body).to.have.property(\"username\", user.username);",
              "err": {},
              "uuid": "9be63f80-acfe-40da-be31-e4d772f5729c",
              "parentUUID": "3835b112-494f-454f-8edc-a6f4e8a43e34",
              "isHook": false,
              "skipped": false
            },
            {
              "title": "POST /users/login → deve logar e retornar token",
              "fullTitle": "Auth API Tests POST /users/login → deve logar e retornar token",
              "timedOut": false,
              "duration": 7,
              "state": "passed",
              "speed": "fast",
              "pass": true,
              "fail": false,
              "pending": false,
              "context": null,
              "code": "const res = await request\n  .post(\"/users/login\")\n  .set(\"Content-Type\", \"application/json\")\n  .send({\n    username: user.username,\n    password: user.password\n  });\n// Debug: mostrar corpo e status da resposta\nconsole.log(\"LOGIN RESPONSE STATUS:\", res.status);\nconsole.log(\"LOGIN RESPONSE BODY:\", res.body);\nexpect(res.status).to.equal(200);\nexpect(res.body).to.have.property(\"token\");\nprocess.env.TEST_TOKEN = res.body.token;",
              "err": {},
              "uuid": "b7ddd17b-1882-4e15-80e7-4dfd0817f3ef",
              "parentUUID": "3835b112-494f-454f-8edc-a6f4e8a43e34",
              "isHook": false,
              "skipped": false
            }
          ],
          "suites": [],
          "passes": [
            "9be63f80-acfe-40da-be31-e4d772f5729c",
            "b7ddd17b-1882-4e15-80e7-4dfd0817f3ef"
          ],
          "failures": [],
          "pending": [],
          "skipped": [],
          "duration": 55,
          "root": false,
          "rootEmpty": false,
          "_timeout": 10000
        },
        {
          "uuid": "feda44ea-f8b1-490b-b84d-36f8015a0f17",
          "title": "Logs - API Tests",
          "fullFile": "C:\\Users\\Jacy\\OneDrive\\Área de Trabalho\\M2.2 turma 2\\ppp-turma02-hair\\test\\logs.test.js",
          "file": "\\test\\logs.test.js",
          "beforeHooks": [],
          "afterHooks": [],
          "tests": [
            {
              "title": "POST /logs/add → deve adicionar um log de lavagem (com token)",
              "fullTitle": "Logs - API Tests POST /logs/add → deve adicionar um log de lavagem (com token)",
              "timedOut": false,
              "duration": 11,
              "state": "passed",
              "speed": "fast",
              "pass": true,
              "fail": false,
              "pending": false,
              "context": null,
              "code": "const token = process.env.TEST_TOKEN;\nconst logData = {\n  date: new Date().toISOString(),\n  treatment: \"hidratação\",\n  feedback: \"Muito bom!\"\n};\nconst res = await request\n  .post(\"/logs/add\")\n  .set(\"Authorization\", `Bearer ${token}`)\n  .send(logData);\nconsole.log(\"LOG ADD RESPONSE STATUS:\", res.status);\nconsole.log(\"LOG ADD RESPONSE BODY:\", res.body);\nexpect(res.status).to.be.oneOf([200, 201]);\nexpect(res.body).to.have.property(\"date\");\nexpect(res.body).to.have.property(\"treatment\");",
              "err": {},
              "uuid": "4707126f-35e4-4098-aec1-c21257aca2e7",
              "parentUUID": "feda44ea-f8b1-490b-b84d-36f8015a0f17",
              "isHook": false,
              "skipped": false
            },
            {
              "title": "GET /logs/list → deve listar logs do usuário (com token)",
              "fullTitle": "Logs - API Tests GET /logs/list → deve listar logs do usuário (com token)",
              "timedOut": false,
              "duration": 5,
              "state": "passed",
              "speed": "fast",
              "pass": true,
              "fail": false,
              "pending": false,
              "context": null,
              "code": "const token = process.env.TEST_TOKEN;\nconst res = await request\n  .get(\"/logs/list\")\n  .set(\"Authorization\", `Bearer ${token}`);\nexpect(res.status).to.equal(200);\nexpect(res.body).to.be.an(\"array\");",
              "err": {},
              "uuid": "7dc5dc72-a566-4602-8313-8113fe626211",
              "parentUUID": "feda44ea-f8b1-490b-b84d-36f8015a0f17",
              "isHook": false,
              "skipped": false
            }
          ],
          "suites": [],
          "passes": [
            "4707126f-35e4-4098-aec1-c21257aca2e7",
            "7dc5dc72-a566-4602-8313-8113fe626211"
          ],
          "failures": [],
          "pending": [],
          "skipped": [],
          "duration": 16,
          "root": false,
          "rootEmpty": false,
          "_timeout": 10000
        }
      ],
      "passes": [],
      "failures": [],
      "pending": [],
      "skipped": [],
      "duration": 0,
      "root": true,
      "rootEmpty": true,
      "_timeout": 10000
    }
  ],
  "meta": {
    "mocha": {
      "version": "11.7.5"
    },
    "mochawesome": {
      "options": {
        "quiet": false,
        "reportFilename": "mochawesome",
        "saveHtml": true,
        "saveJson": true,
        "consoleReporter": "spec",
        "useInlineDiffs": false,
        "code": true
      },
      "version": "7.1.4"
    },
    "marge": {
      "options": null,
      "version": "6.3.2"
    }
  }
}